sample.interval=20000
"any" "order" "make.names" "data.frame" "genKidsU" "FUN" "lapply" "sapply" "replicate" 
"order" "sort.int" "sort.default" "sort" "genKidsU" "FUN" "lapply" "sapply" "replicate" 
"force" "as.data.frame.numeric" "as.data.frame" "data.frame" "genKidsU" "FUN" "lapply" "sapply" "replicate" 
"data.frame" "genKidsU" "FUN" "lapply" "sapply" "replicate" 
"data.frame" "genKidsU" "FUN" "lapply" "sapply" "replicate" 
"data.frame" "genKidsU" "FUN" "lapply" "sapply" "replicate" 
"data.frame" "genKidsU" "FUN" "lapply" "sapply" "replicate" 
"data.frame" "genKidsU" "FUN" "lapply" "sapply" "replicate" 
"pmatch" ".deparseOpts" "deparse" "mode" "%in%" "deparse" "paste" "force" "as.data.frame.numeric" "as.data.frame" "data.frame" "genKidsU" "FUN" "lapply" "sapply" "replicate" 
"runif" "sort" "genKidsU" "FUN" "lapply" "sapply" "replicate" 
"as.list" "data.frame" "genKidsU" "FUN" "lapply" "sapply" "replicate" 
"eval" "match.arg" "sort.int" "sort.default" "sort" "genKidsU" "FUN" "lapply" "sapply" "replicate" 
"c" ".set_row_names" "data.frame" "genKidsU" "FUN" "lapply" "sapply" "replicate" 
"%in%" "deparse" "mode" "%in%" "deparse" "paste" "force" "as.data.frame.numeric" "as.data.frame" "data.frame" "genKidsU" "FUN" "lapply" "sapply" "replicate" 
"pmatch" ".deparseOpts" "deparse" "paste" "force" "as.data.frame.numeric" "as.data.frame" "data.frame" "genKidsU" "FUN" "lapply" "sapply" "replicate" 
"deparse" "mode" "%in%" "deparse" "paste" "force" "as.data.frame.numeric" "as.data.frame" "data.frame" "genKidsU" "FUN" "lapply" "sapply" "replicate" 
"c" "pmatch" ".deparseOpts" "deparse" "paste" "force" "as.data.frame.numeric" "as.data.frame" "data.frame" "genKidsU" "FUN" "lapply" "sapply" "replicate" 
"sort.int" "sort.default" "sort" "genKidsU" "FUN" "lapply" "sapply" "replicate" 
"as.list.default" "as.list" "data.frame" "genKidsU" "FUN" "lapply" "sapply" "replicate" 
"structure" "as.data.frame.numeric" "as.data.frame" "data.frame" "genKidsU" "FUN" "lapply" "sapply" "replicate" 
"make.names" "data.frame" "genKidsU" "FUN" "lapply" "sapply" "replicate" 
